build/app/intermediates/manifest_merge_blame_file/debug/manifest-merger-blame-debug-report.txt
1<?xml version="1.0" encoding="utf-8"?>
2<manifest xmlns:android="http://schemas.android.com/apk/res/android"
3    package="com.example.great_places"
4    android:versionCode="1"
5    android:versionName="1.0.0" >
6
7    <uses-sdk
8        android:minSdkVersion="16"
9        android:targetSdkVersion="29" />
10    <!--
11         Flutter needs it to communicate with the running application
12         to allow setting breakpoints, to provide hot reload, etc.
13    -->
14    <uses-permission android:name="android.permission.INTERNET" />
14-->src/debug/AndroidManifest.xml:6:5-66
14-->src/debug/AndroidManifest.xml:6:22-64
15    <!--
16     io.flutter.app.FlutterApplication is an android.app.Application that
17         calls FlutterMain.startInitialization(this); in its onCreate method.
18         In most cases you can leave this as-is, but you if you want to provide
19         additional functionality it is fine to subclass or reimplement
20         FlutterApplication and put your custom class here.
21    -->
22    <uses-permission android:name="android.permission.ACCESS_FINE_LOCATION" />
22-->src/main/AndroidManifest.xml:9:5-78
22-->src/main/AndroidManifest.xml:9:22-76
23    <uses-permission android:name="android.permission.ACCESS_COARSE_LOCATION" />
23-->[:location] AndroidManifest.xml:7:5-81
23-->[:location] AndroidManifest.xml:7:22-78
24    <uses-permission android:name="android.permission.FOREGROUND_SERVICE" />
24-->[:location] AndroidManifest.xml:9:5-77
24-->[:location] AndroidManifest.xml:9:22-74
25    <uses-permission android:name="android.permission.ACCESS_BACKGROUND_LOCATION" />
25-->[:location] AndroidManifest.xml:10:5-85
25-->[:location] AndroidManifest.xml:10:22-82
26    <uses-permission android:name="android.permission.READ_EXTERNAL_STORAGE" />
26-->[:image_picker] AndroidManifest.xml:7:5-80
26-->[:image_picker] AndroidManifest.xml:7:22-77
27    <uses-permission android:name="android.permission.WRITE_EXTERNAL_STORAGE" /> <!-- Include required permissions for Google Maps API to run. -->
27-->[:image_picker] AndroidManifest.xml:8:5-81
27-->[:image_picker] AndroidManifest.xml:8:22-78
28    <uses-permission android:name="android.permission.ACCESS_NETWORK_STATE" />
28-->[com.google.android.gms:play-services-maps:17.0.0] AndroidManifest.xml:23:5-79
28-->[com.google.android.gms:play-services-maps:17.0.0] AndroidManifest.xml:23:22-76
29
30    <uses-feature
30-->[com.google.android.gms:play-services-maps:17.0.0] AndroidManifest.xml:26:5-28:35
31        android:glEsVersion="0x00020000"
31-->[com.google.android.gms:play-services-maps:17.0.0] AndroidManifest.xml:27:9-41
32        android:required="true" />
32-->[com.google.android.gms:play-services-maps:17.0.0] AndroidManifest.xml:28:9-32
33
34    <application
34-->src/main/AndroidManifest.xml:10:5-50:19
35        android:name="io.flutter.app.FlutterApplication"
35-->src/main/AndroidManifest.xml:11:9-57
36        android:appComponentFactory="androidx.core.app.CoreComponentFactory"
36-->[androidx.core:core:1.3.2] AndroidManifest.xml:24:18-86
37        android:debuggable="true"
38        android:icon="@mipmap/ic_launcher"
38-->src/main/AndroidManifest.xml:13:9-43
39        android:label="great_places" >
39-->src/main/AndroidManifest.xml:12:9-37
40        <activity
40-->src/main/AndroidManifest.xml:14:9-42:20
41            android:name="com.example.great_places.MainActivity"
41-->src/main/AndroidManifest.xml:15:13-41
42            android:configChanges="orientation|keyboardHidden|keyboard|screenSize|smallestScreenSize|locale|layoutDirection|fontScale|screenLayout|density|uiMode"
42-->src/main/AndroidManifest.xml:18:13-163
43            android:hardwareAccelerated="true"
43-->src/main/AndroidManifest.xml:19:13-47
44            android:launchMode="singleTop"
44-->src/main/AndroidManifest.xml:16:13-43
45            android:theme="@style/LaunchTheme"
45-->src/main/AndroidManifest.xml:17:13-47
46            android:windowSoftInputMode="adjustResize" >
46-->src/main/AndroidManifest.xml:20:13-55
47
48            <!--
49                 Specifies an Android theme to apply to this Activity as soon as
50                 the Android process has started. This theme is visible to the user
51                 while the Flutter UI initializes. After that, this theme continues
52                 to determine the Window background behind the Flutter UI.
53            -->
54            <meta-data
54-->src/main/AndroidManifest.xml:25:13-28:17
55                android:name="io.flutter.embedding.android.NormalTheme"
55-->src/main/AndroidManifest.xml:26:15-70
56                android:resource="@style/NormalTheme" />
56-->src/main/AndroidManifest.xml:27:15-52
57            <!--
58                 Displays an Android View that continues showing the launch screen
59                 Drawable until Flutter paints its first frame, then this splash
60                 screen fades out. A splash screen is useful to avoid any visual
61                 gap between the end of Android's launch screen and the painting of
62                 Flutter's first frame.
63            -->
64            <meta-data
64-->src/main/AndroidManifest.xml:34:13-37:17
65                android:name="io.flutter.embedding.android.SplashScreenDrawable"
65-->src/main/AndroidManifest.xml:35:15-79
66                android:resource="@drawable/launch_background" />
66-->src/main/AndroidManifest.xml:36:15-61
67
68            <intent-filter>
68-->src/main/AndroidManifest.xml:38:13-41:29
69                <action android:name="android.intent.action.MAIN" />
69-->src/main/AndroidManifest.xml:39:17-68
69-->src/main/AndroidManifest.xml:39:25-66
70
71                <category android:name="android.intent.category.LAUNCHER" />
71-->src/main/AndroidManifest.xml:40:17-76
71-->src/main/AndroidManifest.xml:40:27-74
72            </intent-filter>
73        </activity>
74        <!--
75             Don't delete the meta-data below.
76             This is used by the Flutter tool to generate GeneratedPluginRegistrant.java
77        -->
78        <meta-data
78-->src/main/AndroidManifest.xml:45:9-47:33
79            android:name="flutterEmbedding"
79-->src/main/AndroidManifest.xml:46:13-44
80            android:value="2" />
80-->src/main/AndroidManifest.xml:47:13-30
81        <meta-data
81-->src/main/AndroidManifest.xml:48:13-49:47
82            android:name="com.google.android.geo.API_KEY"
82-->src/main/AndroidManifest.xml:48:24-69
83            android:value="YOUR KEY HERE" />
83-->src/main/AndroidManifest.xml:49:16-45
84
85        <service
85-->[:location] AndroidManifest.xml:13:9-17:56
86            android:name="com.lyokone.location.FlutterLocationService"
86-->[:location] AndroidManifest.xml:14:13-71
87            android:enabled="true"
87-->[:location] AndroidManifest.xml:15:13-35
88            android:exported="false"
88-->[:location] AndroidManifest.xml:16:13-37
89            android:foregroundServiceType="location" />
89-->[:location] AndroidManifest.xml:17:13-53
90
91        <provider
91-->[:image_picker] AndroidManifest.xml:11:9-19:20
92            android:name="io.flutter.plugins.imagepicker.ImagePickerFileProvider"
92-->[:image_picker] AndroidManifest.xml:12:13-82
93            android:authorities="com.example.great_places.flutter.image_provider"
93-->[:image_picker] AndroidManifest.xml:13:13-74
94            android:exported="false"
94-->[:image_picker] AndroidManifest.xml:14:13-37
95            android:grantUriPermissions="true" >
95-->[:image_picker] AndroidManifest.xml:15:13-47
96            <meta-data
96-->[:image_picker] AndroidManifest.xml:16:13-18:75
97                android:name="android.support.FILE_PROVIDER_PATHS"
97-->[:image_picker] AndroidManifest.xml:17:17-67
98                android:resource="@xml/flutter_image_picker_file_paths" />
98-->[:image_picker] AndroidManifest.xml:18:17-72
99        </provider> <!-- Needs to be explicitly declared on P+ -->
100        <uses-library
100-->[com.google.android.gms:play-services-maps:17.0.0] AndroidManifest.xml:33:9-35:40
101            android:name="org.apache.http.legacy"
101-->[com.google.android.gms:play-services-maps:17.0.0] AndroidManifest.xml:34:13-50
102            android:required="false" />
102-->[com.google.android.gms:play-services-maps:17.0.0] AndroidManifest.xml:35:13-37
103
104        <activity
104-->[com.google.android.gms:play-services-base:17.0.0] AndroidManifest.xml:23:9-26:75
105            android:name="com.google.android.gms.common.api.GoogleApiActivity"
105-->[com.google.android.gms:play-services-base:17.0.0] AndroidManifest.xml:24:13-79
106            android:exported="false"
106-->[com.google.android.gms:play-services-base:17.0.0] AndroidManifest.xml:25:13-37
107            android:theme="@android:style/Theme.Translucent.NoTitleBar" />
107-->[com.google.android.gms:play-services-base:17.0.0] AndroidManifest.xml:26:13-72
108
109        <meta-data
109-->[com.google.android.gms:play-services-basement:17.0.0] AndroidManifest.xml:23:9-25:69
110            android:name="com.google.android.gms.version"
110-->[com.google.android.gms:play-services-basement:17.0.0] AndroidManifest.xml:24:13-58
111            android:value="@integer/google_play_services_version" />
111-->[com.google.android.gms:play-services-basement:17.0.0] AndroidManifest.xml:25:13-66
112    </application>
113
114</manifest>